2025-02-19 00:48:25.528 +08:00 [DBG] Hosting starting
2025-02-19 00:48:25.718 +08:00 [INF] Default Quartz.NET properties loaded from embedded resource file
2025-02-19 00:48:25.760 +08:00 [DBG] TaskSchedulingThreadPool configured with max concurrency of 10 and TaskScheduler ThreadPoolTaskScheduler.
2025-02-19 00:48:25.774 +08:00 [INF] Initialized Scheduler Signaller of type: Quartz.Core.SchedulerSignalerImpl
2025-02-19 00:48:25.784 +08:00 [INF] Quartz Scheduler created
2025-02-19 00:48:25.787 +08:00 [INF] RAMJobStore initialized.
2025-02-19 00:48:25.790 +08:00 [INF] Quartz Scheduler 3.13.1.0 - 'DefaultQuartzScheduler' with instanceId 'NON_CLUSTERED' initialized
2025-02-19 00:48:25.792 +08:00 [INF] Using thread pool 'Quartz.Simpl.DefaultThreadPool', size: 10
2025-02-19 00:48:25.794 +08:00 [INF] Using job store 'Quartz.Simpl.RAMJobStore', supports persistence: False, clustered: False
2025-02-19 00:48:25.797 +08:00 [INF] JobFactory set to: S3FileCleanup.Shared.Helpers.SingletonJobFactory
2025-02-19 00:48:25.828 +08:00 [INF] Scheduler DefaultQuartzScheduler_$_NON_CLUSTERED started.
2025-02-19 00:48:25.831 +08:00 [DBG] Batch acquisition of 0 triggers
2025-02-19 00:48:25.833 +08:00 [INF] File cleanup service started at: "2025-02-18T16:48:25.8322507Z"
2025-02-19 00:48:25.844 +08:00 [INF] File cleanup started at: "2025-02-18T16:48:25.8442113Z"
2025-02-19 00:48:45.312 +08:00 [INF] Fetching files to delete...
2025-02-19 00:48:57.128 +08:00 [DBG] Batch acquisition of 0 triggers
2025-02-19 00:48:57.131 +08:00 [INF] Calling API at endpoint: https://apidev.ubme.com/MenumamaService.svc/EventMgmt/GetFilesToDelete
2025-02-19 00:49:22.211 +08:00 [DBG] Batch acquisition of 0 triggers
2025-02-19 00:49:22.225 +08:00 [INF] Start processing HTTP request GET https://apidev.ubme.com/MenumamaService.svc/EventMgmt/GetFilesToDelete
2025-02-19 00:49:22.235 +08:00 [INF] Sending HTTP request GET https://apidev.ubme.com/MenumamaService.svc/EventMgmt/GetFilesToDelete
2025-02-19 00:49:22.283 +08:00 [INF] Service has successfully started and is now running.
2025-02-19 00:49:22.287 +08:00 [INF] Application started. Press Ctrl+C to shut down.
2025-02-19 00:49:22.290 +08:00 [INF] Hosting environment: Development
2025-02-19 00:49:22.293 +08:00 [INF] Content root path: D:\Business\UBMe2025\S3FileCleanupService\S3FileCleanup.Service
2025-02-19 00:49:22.299 +08:00 [DBG] Hosting started
2025-02-19 00:49:23.135 +08:00 [INF] Received HTTP response headers after 894.8382ms - 404
2025-02-19 00:49:23.141 +08:00 [INF] End processing HTTP request after 922.1054ms - 404
2025-02-19 01:13:14.935 +08:00 [DBG] Hosting starting
2025-02-19 01:13:15.085 +08:00 [INF] Default Quartz.NET properties loaded from embedded resource file
2025-02-19 01:13:15.123 +08:00 [DBG] TaskSchedulingThreadPool configured with max concurrency of 10 and TaskScheduler ThreadPoolTaskScheduler.
2025-02-19 01:13:15.134 +08:00 [INF] Initialized Scheduler Signaller of type: Quartz.Core.SchedulerSignalerImpl
2025-02-19 01:13:15.141 +08:00 [INF] Quartz Scheduler created
2025-02-19 01:13:15.144 +08:00 [INF] RAMJobStore initialized.
2025-02-19 01:13:15.146 +08:00 [INF] Quartz Scheduler 3.13.1.0 - 'DefaultQuartzScheduler' with instanceId 'NON_CLUSTERED' initialized
2025-02-19 01:13:15.148 +08:00 [INF] Using thread pool 'Quartz.Simpl.DefaultThreadPool', size: 10
2025-02-19 01:13:15.167 +08:00 [INF] Using job store 'Quartz.Simpl.RAMJobStore', supports persistence: False, clustered: False
2025-02-19 01:13:15.171 +08:00 [INF] JobFactory set to: S3FileCleanup.Shared.Helpers.SingletonJobFactory
2025-02-19 01:13:15.201 +08:00 [INF] Scheduler DefaultQuartzScheduler_$_NON_CLUSTERED started.
2025-02-19 01:13:15.204 +08:00 [DBG] Batch acquisition of 0 triggers
2025-02-19 01:13:15.207 +08:00 [INF] File cleanup service started at: "2025-02-18T17:13:15.2060128Z"
2025-02-19 01:13:15.218 +08:00 [INF] File cleanup started at: "2025-02-18T17:13:15.2185516Z"
2025-02-19 01:13:21.529 +08:00 [INF] Fetching files to delete...
2025-02-19 01:13:26.245 +08:00 [INF] Calling API at endpoint: https://apidev.ubme.com/MenumamaService.svc/EventMgmt/GetFilesToDelete
2025-02-19 01:13:27.556 +08:00 [INF] Start processing HTTP request GET https://apidev.ubme.com/MenumamaService.svc/EventMgmt/GetFilesToDelete
2025-02-19 01:13:27.564 +08:00 [INF] Sending HTTP request GET https://apidev.ubme.com/MenumamaService.svc/EventMgmt/GetFilesToDelete
2025-02-19 01:13:27.606 +08:00 [INF] Service has successfully started and is now running.
2025-02-19 01:13:27.609 +08:00 [INF] Application started. Press Ctrl+C to shut down.
2025-02-19 01:13:27.611 +08:00 [INF] Hosting environment: Development
2025-02-19 01:13:27.616 +08:00 [INF] Content root path: D:\Business\UBMe2025\S3FileCleanupService\S3FileCleanup.Service
2025-02-19 01:13:27.618 +08:00 [DBG] Hosting started
2025-02-19 01:13:28.457 +08:00 [INF] Received HTTP response headers after 887.9114ms - 404
2025-02-19 01:13:28.464 +08:00 [INF] End processing HTTP request after 914.2907ms - 404
